Initialising Properties Files ........
Opened the Browser : - chrome
Navigated to url : - https://www.amazon.in
Selected the option Books by using the locator :- searchDropdownBox
Entered the test Harry Potter by using locaotr : - twotabsearchtextbox
Clicked on Search Buttton by usinf locator : - //div[@class='nav-search-submit nav-sprite']//input[@class='nav-input']
Error executing FreeMarker template
FreeMarker template error:
The following has evaluated to null or missing:
==> report.systemInfoMap[info]  [in template "Extent.ftl" at line 193, column 95]

----
Tip: It's the final [] step that caused this error, not those before it.
----
Tip: If the failing expression is known to legally refer to something that's sometimes null or missing, either specify a default value like myOptionalVar!myDefault, or use <#if myOptionalVar??>when-present<#else>when-missing</#if>. (These only cover the last step of the expression; to cover the whole expression, use parenthesis: (myOptionalVar.foo)!myDefault, (myOptionalVar.foo)??
----

----
FTL stack trace ("~" means nesting-related):
	- Failed at: ${report.systemInfoMap[info]}  [in template "Extent.ftl" at line 193, column 93]
----

Java stack trace (for programmers):
----
freemarker.core.InvalidReferenceException: [... Exception message was already printed; see it above ...]
	at freemarker.core.InvalidReferenceException.getInstance(InvalidReferenceException.java:134)
	at freemarker.core.EvalUtil.coerceModelToTextualCommon(EvalUtil.java:467)
	at freemarker.core.EvalUtil.coerceModelToStringOrMarkup(EvalUtil.java:389)
	at freemarker.core.EvalUtil.coerceModelToStringOrMarkup(EvalUtil.java:358)
	at freemarker.core.DollarVariable.calculateInterpolatedStringOrMarkup(DollarVariable.java:100)
	at freemarker.core.DollarVariable.accept(DollarVariable.java:63)
	at freemarker.core.Environment.visit(Environment.java:366)
	at freemarker.core.IteratorBlock$IterationContext.executedNestedContentForCollOrSeqListing(IteratorBlock.java:291)
	at freemarker.core.IteratorBlock$IterationContext.executeNestedContent(IteratorBlock.java:271)
	at freemarker.core.IteratorBlock$IterationContext.accept(IteratorBlock.java:242)
	at freemarker.core.Environment.visitIteratorBlock(Environment.java:642)
	at freemarker.core.IteratorBlock.acceptWithResult(IteratorBlock.java:107)
	at freemarker.core.IteratorBlock.accept(IteratorBlock.java:93)
	at freemarker.core.Environment.visit(Environment.java:330)
	at freemarker.core.Environment.visit(Environment.java:336)
	at freemarker.core.Environment.process(Environment.java:309)
	at freemarker.template.Template.process(Template.java:384)
	at com.relevantcodes.extentreports.HTMLReporter.flush(HTMLReporter.java:173)
	at com.relevantcodes.extentreports.Report.flush(Report.java:468)
	at com.relevantcodes.extentreports.ExtentReports.flush(ExtentReports.java:900)
	at com.launchers.TC_006.main(TC_006.java:34)
Error executing FreeMarker template
FreeMarker template error:
The following has evaluated to null or missing:
==> report.systemInfoMap[info]  [in template "Extent.ftl" at line 193, column 95]

----
Tip: It's the final [] step that caused this error, not those before it.
----
Tip: If the failing expression is known to legally refer to something that's sometimes null or missing, either specify a default value like myOptionalVar!myDefault, or use <#if myOptionalVar??>when-present<#else>when-missing</#if>. (These only cover the last step of the expression; to cover the whole expression, use parenthesis: (myOptionalVar.foo)!myDefault, (myOptionalVar.foo)??
----

----
FTL stack trace ("~" means nesting-related):
	- Failed at: ${report.systemInfoMap[info]}  [in template "Extent.ftl" at line 193, column 93]
----

Java stack trace (for programmers):
----
freemarker.core.InvalidReferenceException: [... Exception message was already printed; see it above ...]
	at freemarker.core.InvalidReferenceException.getInstance(InvalidReferenceException.java:134)
	at freemarker.core.EvalUtil.coerceModelToTextualCommon(EvalUtil.java:467)
	at freemarker.core.EvalUtil.coerceModelToStringOrMarkup(EvalUtil.java:389)
	at freemarker.core.EvalUtil.coerceModelToStringOrMarkup(EvalUtil.java:358)
	at freemarker.core.DollarVariable.calculateInterpolatedStringOrMarkup(DollarVariable.java:100)
	at freemarker.core.DollarVariable.accept(DollarVariable.java:63)
	at freemarker.core.Environment.visit(Environment.java:366)
	at freemarker.core.IteratorBlock$IterationContext.executedNestedContentForCollOrSeqListing(IteratorBlock.java:291)
	at freemarker.core.IteratorBlock$IterationContext.executeNestedContent(IteratorBlock.java:271)
	at freemarker.core.IteratorBlock$IterationContext.accept(IteratorBlock.java:242)
	at freemarker.core.Environment.visitIteratorBlock(Environment.java:642)
	at freemarker.core.IteratorBlock.acceptWithResult(IteratorBlock.java:107)
	at freemarker.core.IteratorBlock.accept(IteratorBlock.java:93)
	at freemarker.core.Environment.visit(Environment.java:330)
	at freemarker.core.Environment.visit(Environment.java:336)
	at freemarker.core.Environment.process(Environment.java:309)
	at freemarker.template.Template.process(Template.java:384)
	at com.relevantcodes.extentreports.HTMLReporter.flush(HTMLReporter.java:173)
	at com.relevantcodes.extentreports.Report.flush(Report.java:468)
	at com.relevantcodes.extentreports.ExtentReports.flush(ExtentReports.java:900)
	at com.launchers.TC_006.main(TC_006.java:34)
Error executing FreeMarker template
FreeMarker template error:
The following has evaluated to null or missing:
==> report.systemInfoMap[info]  [in template "Extent.ftl" at line 193, column 95]

----
Tip: It's the final [] step that caused this error, not those before it.
----
Tip: If the failing expression is known to be legally refer to something that's sometimes null or missing, either specify a default value like myOptionalVar!myDefault, or use <#if myOptionalVar??>when-present<#else>when-missing</#if>. (These only cover the last step of the expression; to cover the whole expression, use parenthesis: (myOptionalVar.foo)!myDefault, (myOptionalVar.foo)??
----

----
FTL stack trace ("~" means nesting-related):
	- Failed at: ${report.systemInfoMap[info]}  [in template "Extent.ftl" at line 193, column 93]
----

Java stack trace (for programmers):
----
freemarker.core.InvalidReferenceException: [... Exception message was already printed; see it above ...]
	at freemarker.core.InvalidReferenceException.getInstance(InvalidReferenceException.java:131)
	at freemarker.core.EvalUtil.coerceModelToString(EvalUtil.java:355)
	at freemarker.core.Expression.evalAndCoerceToString(Expression.java:82)
	at freemarker.core.DollarVariable.accept(DollarVariable.java:41)
	at freemarker.core.Environment.visit(Environment.java:324)
	at freemarker.core.MixedContent.accept(MixedContent.java:54)
	at freemarker.core.Environment.visitByHiddingParent(Environment.java:345)
	at freemarker.core.IteratorBlock$IterationContext.executeNestedBlockInner(IteratorBlock.java:240)
	at freemarker.core.IteratorBlock$IterationContext.executeNestedBlock(IteratorBlock.java:220)
	at freemarker.core.IteratorBlock$IterationContext.accept(IteratorBlock.java:194)
	at freemarker.core.Environment.visitIteratorBlock(Environment.java:572)
	at freemarker.core.IteratorBlock.acceptWithResult(IteratorBlock.java:78)
	at freemarker.core.IteratorBlock.accept(IteratorBlock.java:64)
	at freemarker.core.Environment.visit(Environment.java:324)
	at freemarker.core.MixedContent.accept(MixedContent.java:54)
	at freemarker.core.Environment.visit(Environment.java:324)
	at freemarker.core.Environment.process(Environment.java:302)
	at freemarker.template.Template.process(Template.java:325)
	at com.relevantcodes.extentreports.HTMLReporter.flush(HTMLReporter.java:173)
	at com.relevantcodes.extentreports.Report.flush(Report.java:468)
	at com.relevantcodes.extentreports.ExtentReports.flush(ExtentReports.java:900)
	at com.launchers.TC_006.main(TC_006.java:34)
Error executing FreeMarker template
FreeMarker template error:
The following has evaluated to null or missing:
==> report.systemInfoMap[info]  [in template "Extent.ftl" at line 193, column 95]

----
Tip: It's the final [] step that caused this error, not those before it.
----
Tip: If the failing expression is known to legally refer to something that's sometimes null or missing, either specify a default value like myOptionalVar!myDefault, or use <#if myOptionalVar??>when-present<#else>when-missing</#if>. (These only cover the last step of the expression; to cover the whole expression, use parenthesis: (myOptionalVar.foo)!myDefault, (myOptionalVar.foo)??
----

----
FTL stack trace ("~" means nesting-related):
	- Failed at: ${report.systemInfoMap[info]}  [in template "Extent.ftl" at line 193, column 93]
----

Java stack trace (for programmers):
----
freemarker.core.InvalidReferenceException: [... Exception message was already printed; see it above ...]
	at freemarker.core.InvalidReferenceException.getInstance(InvalidReferenceException.java:134)
	at freemarker.core.EvalUtil.coerceModelToTextualCommon(EvalUtil.java:467)
	at freemarker.core.EvalUtil.coerceModelToStringOrMarkup(EvalUtil.java:389)
	at freemarker.core.EvalUtil.coerceModelToStringOrMarkup(EvalUtil.java:358)
	at freemarker.core.DollarVariable.calculateInterpolatedStringOrMarkup(DollarVariable.java:100)
	at freemarker.core.DollarVariable.accept(DollarVariable.java:63)
	at freemarker.core.Environment.visit(Environment.java:366)
	at freemarker.core.IteratorBlock$IterationContext.executedNestedContentForCollOrSeqListing(IteratorBlock.java:291)
	at freemarker.core.IteratorBlock$IterationContext.executeNestedContent(IteratorBlock.java:271)
	at freemarker.core.IteratorBlock$IterationContext.accept(IteratorBlock.java:242)
	at freemarker.core.Environment.visitIteratorBlock(Environment.java:642)
	at freemarker.core.IteratorBlock.acceptWithResult(IteratorBlock.java:107)
	at freemarker.core.IteratorBlock.accept(IteratorBlock.java:93)
	at freemarker.core.Environment.visit(Environment.java:330)
	at freemarker.core.Environment.visit(Environment.java:336)
	at freemarker.core.Environment.process(Environment.java:309)
	at freemarker.template.Template.process(Template.java:384)
	at com.relevantcodes.extentreports.HTMLReporter.flush(HTMLReporter.java:173)
	at com.relevantcodes.extentreports.Report.flush(Report.java:468)
	at com.relevantcodes.extentreports.ExtentReports.flush(ExtentReports.java:900)
	at com.launchers.TC_006.main(TC_006.java:34)
Error executing FreeMarker template
FreeMarker template error:
The following has evaluated to null or missing:
==> report.systemInfoMap[info]  [in template "Extent.ftl" at line 193, column 95]

----
Tip: It's the final [] step that caused this error, not those before it.
----
Tip: If the failing expression is known to legally refer to something that's sometimes null or missing, either specify a default value like myOptionalVar!myDefault, or use <#if myOptionalVar??>when-present<#else>when-missing</#if>. (These only cover the last step of the expression; to cover the whole expression, use parenthesis: (myOptionalVar.foo)!myDefault, (myOptionalVar.foo)??
----

----
FTL stack trace ("~" means nesting-related):
	- Failed at: ${report.systemInfoMap[info]}  [in template "Extent.ftl" at line 193, column 93]
----

Java stack trace (for programmers):
----
freemarker.core.InvalidReferenceException: [... Exception message was already printed; see it above ...]
	at freemarker.core.InvalidReferenceException.getInstance(InvalidReferenceException.java:134)
	at freemarker.core.EvalUtil.coerceModelToTextualCommon(EvalUtil.java:467)
	at freemarker.core.EvalUtil.coerceModelToStringOrMarkup(EvalUtil.java:389)
	at freemarker.core.EvalUtil.coerceModelToStringOrMarkup(EvalUtil.java:358)
	at freemarker.core.DollarVariable.calculateInterpolatedStringOrMarkup(DollarVariable.java:100)
	at freemarker.core.DollarVariable.accept(DollarVariable.java:63)
	at freemarker.core.Environment.visit(Environment.java:366)
	at freemarker.core.IteratorBlock$IterationContext.executedNestedContentForCollOrSeqListing(IteratorBlock.java:291)
	at freemarker.core.IteratorBlock$IterationContext.executeNestedContent(IteratorBlock.java:271)
	at freemarker.core.IteratorBlock$IterationContext.accept(IteratorBlock.java:242)
	at freemarker.core.Environment.visitIteratorBlock(Environment.java:642)
	at freemarker.core.IteratorBlock.acceptWithResult(IteratorBlock.java:107)
	at freemarker.core.IteratorBlock.accept(IteratorBlock.java:93)
	at freemarker.core.Environment.visit(Environment.java:330)
	at freemarker.core.Environment.visit(Environment.java:336)
	at freemarker.core.Environment.process(Environment.java:309)
	at freemarker.template.Template.process(Template.java:384)
	at com.relevantcodes.extentreports.HTMLReporter.flush(HTMLReporter.java:173)
	at com.relevantcodes.extentreports.Report.flush(Report.java:468)
	at com.relevantcodes.extentreports.ExtentReports.flush(ExtentReports.java:900)
	at com.launchers.TC_006.main(TC_006.java:34)
Error executing FreeMarker template
FreeMarker template error:
The following has evaluated to null or missing:
==> report.systemInfoMap[info]  [in template "Extent.ftl" at line 193, column 95]

----
Tip: It's the final [] step that caused this error, not those before it.
----
Tip: If the failing expression is known to be legally refer to something that's sometimes null or missing, either specify a default value like myOptionalVar!myDefault, or use <#if myOptionalVar??>when-present<#else>when-missing</#if>. (These only cover the last step of the expression; to cover the whole expression, use parenthesis: (myOptionalVar.foo)!myDefault, (myOptionalVar.foo)??
----

----
FTL stack trace ("~" means nesting-related):
	- Failed at: ${report.systemInfoMap[info]}  [in template "Extent.ftl" at line 193, column 93]
----

Java stack trace (for programmers):
----
freemarker.core.InvalidReferenceException: [... Exception message was already printed; see it above ...]
	at freemarker.core.InvalidReferenceException.getInstance(InvalidReferenceException.java:131)
	at freemarker.core.EvalUtil.coerceModelToString(EvalUtil.java:355)
	at freemarker.core.Expression.evalAndCoerceToString(Expression.java:82)
	at freemarker.core.DollarVariable.accept(DollarVariable.java:41)
	at freemarker.core.Environment.visit(Environment.java:324)
	at freemarker.core.MixedContent.accept(MixedContent.java:54)
	at freemarker.core.Environment.visitByHiddingParent(Environment.java:345)
	at freemarker.core.IteratorBlock$IterationContext.executeNestedBlockInner(IteratorBlock.java:240)
	at freemarker.core.IteratorBlock$IterationContext.executeNestedBlock(IteratorBlock.java:220)
	at freemarker.core.IteratorBlock$IterationContext.accept(IteratorBlock.java:194)
	at freemarker.core.Environment.visitIteratorBlock(Environment.java:572)
	at freemarker.core.IteratorBlock.acceptWithResult(IteratorBlock.java:78)
	at freemarker.core.IteratorBlock.accept(IteratorBlock.java:64)
	at freemarker.core.Environment.visit(Environment.java:324)
	at freemarker.core.MixedContent.accept(MixedContent.java:54)
	at freemarker.core.Environment.visit(Environment.java:324)
	at freemarker.core.Environment.process(Environment.java:302)
	at freemarker.template.Template.process(Template.java:325)
	at com.relevantcodes.extentreports.HTMLReporter.flush(HTMLReporter.java:173)
	at com.relevantcodes.extentreports.Report.flush(Report.java:468)
	at com.relevantcodes.extentreports.ExtentReports.flush(ExtentReports.java:900)
	at com.launchers.TC_006.main(TC_006.java:34)
Error executing FreeMarker template
FreeMarker template error:
The following has evaluated to null or missing:
==> report.systemInfoMap[info]  [in template "Extent.ftl" at line 193, column 95]

----
Tip: It's the final [] step that caused this error, not those before it.
----
Tip: If the failing expression is known to legally refer to something that's sometimes null or missing, either specify a default value like myOptionalVar!myDefault, or use <#if myOptionalVar??>when-present<#else>when-missing</#if>. (These only cover the last step of the expression; to cover the whole expression, use parenthesis: (myOptionalVar.foo)!myDefault, (myOptionalVar.foo)??
----

----
FTL stack trace ("~" means nesting-related):
	- Failed at: ${report.systemInfoMap[info]}  [in template "Extent.ftl" at line 193, column 93]
----

Java stack trace (for programmers):
----
freemarker.core.InvalidReferenceException: [... Exception message was already printed; see it above ...]
	at freemarker.core.InvalidReferenceException.getInstance(InvalidReferenceException.java:134)
	at freemarker.core.EvalUtil.coerceModelToTextualCommon(EvalUtil.java:467)
	at freemarker.core.EvalUtil.coerceModelToStringOrMarkup(EvalUtil.java:389)
	at freemarker.core.EvalUtil.coerceModelToStringOrMarkup(EvalUtil.java:358)
	at freemarker.core.DollarVariable.calculateInterpolatedStringOrMarkup(DollarVariable.java:100)
	at freemarker.core.DollarVariable.accept(DollarVariable.java:63)
	at freemarker.core.Environment.visit(Environment.java:366)
	at freemarker.core.IteratorBlock$IterationContext.executedNestedContentForCollOrSeqListing(IteratorBlock.java:291)
	at freemarker.core.IteratorBlock$IterationContext.executeNestedContent(IteratorBlock.java:271)
	at freemarker.core.IteratorBlock$IterationContext.accept(IteratorBlock.java:242)
	at freemarker.core.Environment.visitIteratorBlock(Environment.java:642)
	at freemarker.core.IteratorBlock.acceptWithResult(IteratorBlock.java:107)
	at freemarker.core.IteratorBlock.accept(IteratorBlock.java:93)
	at freemarker.core.Environment.visit(Environment.java:330)
	at freemarker.core.Environment.visit(Environment.java:336)
	at freemarker.core.Environment.process(Environment.java:309)
	at freemarker.template.Template.process(Template.java:384)
	at com.relevantcodes.extentreports.HTMLReporter.flush(HTMLReporter.java:173)
	at com.relevantcodes.extentreports.Report.flush(Report.java:468)
	at com.relevantcodes.extentreports.ExtentReports.flush(ExtentReports.java:900)
	at com.launchers.TC_006.main(TC_006.java:34)
Error executing FreeMarker template
FreeMarker template error:
The following has evaluated to null or missing:
==> report.systemInfoMap[info]  [in template "Extent.ftl" at line 193, column 95]

----
Tip: It's the final [] step that caused this error, not those before it.
----
Tip: If the failing expression is known to legally refer to something that's sometimes null or missing, either specify a default value like myOptionalVar!myDefault, or use <#if myOptionalVar??>when-present<#else>when-missing</#if>. (These only cover the last step of the expression; to cover the whole expression, use parenthesis: (myOptionalVar.foo)!myDefault, (myOptionalVar.foo)??
----

----
FTL stack trace ("~" means nesting-related):
	- Failed at: ${report.systemInfoMap[info]}  [in template "Extent.ftl" at line 193, column 93]
----

Java stack trace (for programmers):
----
freemarker.core.InvalidReferenceException: [... Exception message was already printed; see it above ...]
	at freemarker.core.InvalidReferenceException.getInstance(InvalidReferenceException.java:134)
	at freemarker.core.EvalUtil.coerceModelToTextualCommon(EvalUtil.java:467)
	at freemarker.core.EvalUtil.coerceModelToStringOrMarkup(EvalUtil.java:389)
	at freemarker.core.EvalUtil.coerceModelToStringOrMarkup(EvalUtil.java:358)
	at freemarker.core.DollarVariable.calculateInterpolatedStringOrMarkup(DollarVariable.java:100)
	at freemarker.core.DollarVariable.accept(DollarVariable.java:63)
	at freemarker.core.Environment.visit(Environment.java:366)
	at freemarker.core.IteratorBlock$IterationContext.executedNestedContentForCollOrSeqListing(IteratorBlock.java:291)
	at freemarker.core.IteratorBlock$IterationContext.executeNestedContent(IteratorBlock.java:271)
	at freemarker.core.IteratorBlock$IterationContext.accept(IteratorBlock.java:242)
	at freemarker.core.Environment.visitIteratorBlock(Environment.java:642)
	at freemarker.core.IteratorBlock.acceptWithResult(IteratorBlock.java:107)
	at freemarker.core.IteratorBlock.accept(IteratorBlock.java:93)
	at freemarker.core.Environment.visit(Environment.java:330)
	at freemarker.core.Environment.visit(Environment.java:336)
	at freemarker.core.Environment.process(Environment.java:309)
	at freemarker.template.Template.process(Template.java:384)
	at com.relevantcodes.extentreports.HTMLReporter.flush(HTMLReporter.java:173)
	at com.relevantcodes.extentreports.Report.flush(Report.java:468)
	at com.relevantcodes.extentreports.ExtentReports.flush(ExtentReports.java:900)
	at com.Verifications.Verify1.main(Verify1.java:23)
Error executing FreeMarker template
FreeMarker template error:
The following has evaluated to null or missing:
==> report.systemInfoMap[info]  [in template "Extent.ftl" at line 193, column 95]

----
Tip: It's the final [] step that caused this error, not those before it.
----
Tip: If the failing expression is known to legally refer to something that's sometimes null or missing, either specify a default value like myOptionalVar!myDefault, or use <#if myOptionalVar??>when-present<#else>when-missing</#if>. (These only cover the last step of the expression; to cover the whole expression, use parenthesis: (myOptionalVar.foo)!myDefault, (myOptionalVar.foo)??
----

----
FTL stack trace ("~" means nesting-related):
	- Failed at: ${report.systemInfoMap[info]}  [in template "Extent.ftl" at line 193, column 93]
----

Java stack trace (for programmers):
----
freemarker.core.InvalidReferenceException: [... Exception message was already printed; see it above ...]
	at freemarker.core.InvalidReferenceException.getInstance(InvalidReferenceException.java:134)
	at freemarker.core.EvalUtil.coerceModelToTextualCommon(EvalUtil.java:467)
	at freemarker.core.EvalUtil.coerceModelToStringOrMarkup(EvalUtil.java:389)
	at freemarker.core.EvalUtil.coerceModelToStringOrMarkup(EvalUtil.java:358)
	at freemarker.core.DollarVariable.calculateInterpolatedStringOrMarkup(DollarVariable.java:100)
	at freemarker.core.DollarVariable.accept(DollarVariable.java:63)
	at freemarker.core.Environment.visit(Environment.java:366)
	at freemarker.core.IteratorBlock$IterationContext.executedNestedContentForCollOrSeqListing(IteratorBlock.java:291)
	at freemarker.core.IteratorBlock$IterationContext.executeNestedContent(IteratorBlock.java:271)
	at freemarker.core.IteratorBlock$IterationContext.accept(IteratorBlock.java:242)
	at freemarker.core.Environment.visitIteratorBlock(Environment.java:642)
	at freemarker.core.IteratorBlock.acceptWithResult(IteratorBlock.java:107)
	at freemarker.core.IteratorBlock.accept(IteratorBlock.java:93)
	at freemarker.core.Environment.visit(Environment.java:330)
	at freemarker.core.Environment.visit(Environment.java:336)
	at freemarker.core.Environment.process(Environment.java:309)
	at freemarker.template.Template.process(Template.java:384)
	at com.relevantcodes.extentreports.HTMLReporter.flush(HTMLReporter.java:173)
	at com.relevantcodes.extentreports.Report.flush(Report.java:468)
	at com.relevantcodes.extentreports.ExtentReports.flush(ExtentReports.java:900)
	at com.Verifications.Verify3.main(Verify3.java:29)
Error executing FreeMarker template
FreeMarker template error:
The following has evaluated to null or missing:
==> report.systemInfoMap[info]  [in template "Extent.ftl" at line 193, column 95]

----
Tip: It's the final [] step that caused this error, not those before it.
----
Tip: If the failing expression is known to legally refer to something that's sometimes null or missing, either specify a default value like myOptionalVar!myDefault, or use <#if myOptionalVar??>when-present<#else>when-missing</#if>. (These only cover the last step of the expression; to cover the whole expression, use parenthesis: (myOptionalVar.foo)!myDefault, (myOptionalVar.foo)??
----

----
FTL stack trace ("~" means nesting-related):
	- Failed at: ${report.systemInfoMap[info]}  [in template "Extent.ftl" at line 193, column 93]
----

Java stack trace (for programmers):
----
freemarker.core.InvalidReferenceException: [... Exception message was already printed; see it above ...]
	at freemarker.core.InvalidReferenceException.getInstance(InvalidReferenceException.java:134)
	at freemarker.core.EvalUtil.coerceModelToTextualCommon(EvalUtil.java:467)
	at freemarker.core.EvalUtil.coerceModelToStringOrMarkup(EvalUtil.java:389)
	at freemarker.core.EvalUtil.coerceModelToStringOrMarkup(EvalUtil.java:358)
	at freemarker.core.DollarVariable.calculateInterpolatedStringOrMarkup(DollarVariable.java:100)
	at freemarker.core.DollarVariable.accept(DollarVariable.java:63)
	at freemarker.core.Environment.visit(Environment.java:366)
	at freemarker.core.IteratorBlock$IterationContext.executedNestedContentForCollOrSeqListing(IteratorBlock.java:291)
	at freemarker.core.IteratorBlock$IterationContext.executeNestedContent(IteratorBlock.java:271)
	at freemarker.core.IteratorBlock$IterationContext.accept(IteratorBlock.java:242)
	at freemarker.core.Environment.visitIteratorBlock(Environment.java:642)
	at freemarker.core.IteratorBlock.acceptWithResult(IteratorBlock.java:107)
	at freemarker.core.IteratorBlock.accept(IteratorBlock.java:93)
	at freemarker.core.Environment.visit(Environment.java:330)
	at freemarker.core.Environment.visit(Environment.java:336)
	at freemarker.core.Environment.process(Environment.java:309)
	at freemarker.template.Template.process(Template.java:384)
	at com.relevantcodes.extentreports.HTMLReporter.flush(HTMLReporter.java:173)
	at com.relevantcodes.extentreports.Report.flush(Report.java:468)
	at com.relevantcodes.extentreports.ExtentReports.flush(ExtentReports.java:900)
	at com.Verifications.Verify3.main(Verify3.java:29)
Error executing FreeMarker template
FreeMarker template error:
The following has evaluated to null or missing:
==> report.systemInfoMap[info]  [in template "Extent.ftl" at line 193, column 95]

----
Tip: It's the final [] step that caused this error, not those before it.
----
Tip: If the failing expression is known to be legally refer to something that's sometimes null or missing, either specify a default value like myOptionalVar!myDefault, or use <#if myOptionalVar??>when-present<#else>when-missing</#if>. (These only cover the last step of the expression; to cover the whole expression, use parenthesis: (myOptionalVar.foo)!myDefault, (myOptionalVar.foo)??
----

----
FTL stack trace ("~" means nesting-related):
	- Failed at: ${report.systemInfoMap[info]}  [in template "Extent.ftl" at line 193, column 93]
----

Java stack trace (for programmers):
----
freemarker.core.InvalidReferenceException: [... Exception message was already printed; see it above ...]
	at freemarker.core.InvalidReferenceException.getInstance(InvalidReferenceException.java:131)
	at freemarker.core.EvalUtil.coerceModelToString(EvalUtil.java:355)
	at freemarker.core.Expression.evalAndCoerceToString(Expression.java:82)
	at freemarker.core.DollarVariable.accept(DollarVariable.java:41)
	at freemarker.core.Environment.visit(Environment.java:324)
	at freemarker.core.MixedContent.accept(MixedContent.java:54)
	at freemarker.core.Environment.visitByHiddingParent(Environment.java:345)
	at freemarker.core.IteratorBlock$IterationContext.executeNestedBlockInner(IteratorBlock.java:240)
	at freemarker.core.IteratorBlock$IterationContext.executeNestedBlock(IteratorBlock.java:220)
	at freemarker.core.IteratorBlock$IterationContext.accept(IteratorBlock.java:194)
	at freemarker.core.Environment.visitIteratorBlock(Environment.java:572)
	at freemarker.core.IteratorBlock.acceptWithResult(IteratorBlock.java:78)
	at freemarker.core.IteratorBlock.accept(IteratorBlock.java:64)
	at freemarker.core.Environment.visit(Environment.java:324)
	at freemarker.core.MixedContent.accept(MixedContent.java:54)
	at freemarker.core.Environment.visit(Environment.java:324)
	at freemarker.core.Environment.process(Environment.java:302)
	at freemarker.template.Template.process(Template.java:325)
	at com.relevantcodes.extentreports.HTMLReporter.flush(HTMLReporter.java:173)
	at com.relevantcodes.extentreports.Report.flush(Report.java:468)
	at com.relevantcodes.extentreports.ExtentReports.flush(ExtentReports.java:900)
	at com.Verifications.Verify3.main(Verify3.java:29)
Error executing FreeMarker template
FreeMarker template error:
The following has evaluated to null or missing:
==> report.systemInfoMap[info]  [in template "Extent.ftl" at line 193, column 95]

----
Tip: It's the final [] step that caused this error, not those before it.
----
Tip: If the failing expression is known to be legally refer to something that's sometimes null or missing, either specify a default value like myOptionalVar!myDefault, or use <#if myOptionalVar??>when-present<#else>when-missing</#if>. (These only cover the last step of the expression; to cover the whole expression, use parenthesis: (myOptionalVar.foo)!myDefault, (myOptionalVar.foo)??
----

----
FTL stack trace ("~" means nesting-related):
	- Failed at: ${report.systemInfoMap[info]}  [in template "Extent.ftl" at line 193, column 93]
----

Java stack trace (for programmers):
----
freemarker.core.InvalidReferenceException: [... Exception message was already printed; see it above ...]
	at freemarker.core.InvalidReferenceException.getInstance(InvalidReferenceException.java:131)
	at freemarker.core.EvalUtil.coerceModelToString(EvalUtil.java:355)
	at freemarker.core.Expression.evalAndCoerceToString(Expression.java:82)
	at freemarker.core.DollarVariable.accept(DollarVariable.java:41)
	at freemarker.core.Environment.visit(Environment.java:324)
	at freemarker.core.MixedContent.accept(MixedContent.java:54)
	at freemarker.core.Environment.visitByHiddingParent(Environment.java:345)
	at freemarker.core.IteratorBlock$IterationContext.executeNestedBlockInner(IteratorBlock.java:240)
	at freemarker.core.IteratorBlock$IterationContext.executeNestedBlock(IteratorBlock.java:220)
	at freemarker.core.IteratorBlock$IterationContext.accept(IteratorBlock.java:194)
	at freemarker.core.Environment.visitIteratorBlock(Environment.java:572)
	at freemarker.core.IteratorBlock.acceptWithResult(IteratorBlock.java:78)
	at freemarker.core.IteratorBlock.accept(IteratorBlock.java:64)
	at freemarker.core.Environment.visit(Environment.java:324)
	at freemarker.core.MixedContent.accept(MixedContent.java:54)
	at freemarker.core.Environment.visit(Environment.java:324)
	at freemarker.core.Environment.process(Environment.java:302)
	at freemarker.template.Template.process(Template.java:325)
	at com.relevantcodes.extentreports.HTMLReporter.flush(HTMLReporter.java:173)
	at com.relevantcodes.extentreports.Report.flush(Report.java:468)
	at com.relevantcodes.extentreports.ExtentReports.flush(ExtentReports.java:900)
	at com.Verifications.Verify3.main(Verify3.java:29)
Error executing FreeMarker template
FreeMarker template error:
The following has evaluated to null or missing:
==> report.systemInfoMap[info]  [in template "Extent.ftl" at line 193, column 95]

----
Tip: It's the final [] step that caused this error, not those before it.
----
Tip: If the failing expression is known to legally refer to something that's sometimes null or missing, either specify a default value like myOptionalVar!myDefault, or use <#if myOptionalVar??>when-present<#else>when-missing</#if>. (These only cover the last step of the expression; to cover the whole expression, use parenthesis: (myOptionalVar.foo)!myDefault, (myOptionalVar.foo)??
----

----
FTL stack trace ("~" means nesting-related):
	- Failed at: ${report.systemInfoMap[info]}  [in template "Extent.ftl" at line 193, column 93]
----

Java stack trace (for programmers):
----
freemarker.core.InvalidReferenceException: [... Exception message was already printed; see it above ...]
	at freemarker.core.InvalidReferenceException.getInstance(InvalidReferenceException.java:134)
	at freemarker.core.EvalUtil.coerceModelToTextualCommon(EvalUtil.java:467)
	at freemarker.core.EvalUtil.coerceModelToStringOrMarkup(EvalUtil.java:389)
	at freemarker.core.EvalUtil.coerceModelToStringOrMarkup(EvalUtil.java:358)
	at freemarker.core.DollarVariable.calculateInterpolatedStringOrMarkup(DollarVariable.java:100)
	at freemarker.core.DollarVariable.accept(DollarVariable.java:63)
	at freemarker.core.Environment.visit(Environment.java:366)
	at freemarker.core.IteratorBlock$IterationContext.executedNestedContentForCollOrSeqListing(IteratorBlock.java:291)
	at freemarker.core.IteratorBlock$IterationContext.executeNestedContent(IteratorBlock.java:271)
	at freemarker.core.IteratorBlock$IterationContext.accept(IteratorBlock.java:242)
	at freemarker.core.Environment.visitIteratorBlock(Environment.java:642)
	at freemarker.core.IteratorBlock.acceptWithResult(IteratorBlock.java:107)
	at freemarker.core.IteratorBlock.accept(IteratorBlock.java:93)
	at freemarker.core.Environment.visit(Environment.java:330)
	at freemarker.core.Environment.visit(Environment.java:336)
	at freemarker.core.Environment.process(Environment.java:309)
	at freemarker.template.Template.process(Template.java:384)
	at com.relevantcodes.extentreports.HTMLReporter.flush(HTMLReporter.java:173)
	at com.relevantcodes.extentreports.Report.flush(Report.java:468)
	at com.relevantcodes.extentreports.ExtentReports.flush(ExtentReports.java:900)
	at com.Verifications.Verify3.main(Verify3.java:29)
